2020/10/15 13:23:34 Starting ...
2020/10/15 13:23:42 Got interrupt signal. Aborting...
2020/10/15 13:23:42 http: Server closed
2020/10/15 13:38:11 Starting ...
2020/10/15 13:38:18 Show User Data
2020/10/15 13:38:20 Show User Data
2020/10/15 13:38:20 Show User Data
2020/10/15 13:38:21 Show User Data
2020/10/15 13:38:21 Show User Data
2020/10/15 13:38:21 Show User Data
2020/10/15 13:38:21 Show User Data
2020/10/15 13:38:21 Show User Data
2020/10/15 13:38:21 Show User Data
2020/10/15 13:42:07 Show User Data
2020/10/15 13:42:27 Show User Data
2020/10/15 13:44:10 Got interrupt signal. Aborting...
2020/10/15 13:44:10 http: Server closed
2020/10/15 13:44:13 Starting ...
2020/10/15 13:44:20 Show User Data
2020/10/15 13:44:20 Show User Data
2020/10/15 13:44:21 Show User Data
2020/10/15 13:44:23 Show User Data
2020/10/15 13:44:26 Create User Data
2020/10/15 13:44:26 Receieved Data:  [123 34 73 100 34 58 48 44 34 70 105 114 115 116 95 110 97 109 101 34 58 34 34 44 34 76 97 115 116 95 110 97 109 101 34 58 34 34 44 34 69 109 97 105 108 34 58 34 34 125]
2020/10/15 13:44:29 Update User Data
2020/10/15 13:44:31 Show User Data
2020/10/15 13:44:39 Show User Data
2020/10/15 13:54:56 Show User Data
2020/10/15 13:54:59 Show User Data
2020/10/15 13:55:02 Show User Data
2020/10/15 13:55:07 Create User Data
2020/10/15 13:55:07 Receieved Data:  [123 34 73 100 34 58 48 44 34 70 105 114 115 116 95 110 97 109 101 34 58 34 34 44 34 76 97 115 116 95 110 97 109 101 34 58 34 34 44 34 69 109 97 105 108 34 58 34 34 125]
2020/10/15 14:00:12 Show User Data
2020/10/15 14:06:32 Show User Data
2020/10/15 14:06:34 Show User Data
2020/10/15 14:06:37 Show User Data
2020/10/15 14:11:27 Got interrupt signal. Aborting...
2020/10/15 14:11:27 http: Server closed
